<?xml version="1.0" encoding="UTF-8"?>
<!-- Generated by org.testng.reporters.JUnitReportReporter -->
<testsuite skipped="0" hostname="HOME-PC" name="tests.registration.RegistrationTests" tests="1" failures="0" timestamp="03 июл 2022 15:49:37 GMT" time="2.473" errors="0">
  <testcase name="verifySuccessfulCustomerRegistration" time="2.473" classname="tests.registration.RegistrationTests"/>
</testsuite> <!-- tests.registration.RegistrationTests -->
