<?xml version="1.0" encoding="UTF-8"?>
<!-- Generated by org.testng.reporters.JUnitReportReporter -->
<testsuite skipped="0" hostname="HOME-PC" name="tests.registration.RegistrationTests" tests="1" failures="0" timestamp="10 июл 2022 08:01:41 GMT" time="5.590" errors="0">
  <testcase name="verifySuccessfulCustomerRegistration" time="5.590" classname="tests.registration.RegistrationTests"/>
</testsuite> <!-- tests.registration.RegistrationTests -->
