<?xml version="1.0" encoding="UTF-8"?>
<!-- Generated by org.testng.reporters.JUnitReportReporter -->
<testsuite skipped="0" hostname="HOME-PC" name="tests.registration.RegistrationTests" tests="9" failures="0" timestamp="20 авг 2022 08:14:00 GMT" time="21.153" errors="0">
  <testcase name="checkValidationForFirstNameInput" time="3.540" classname="tests.registration.RegistrationTests"/>
  <testcase name="checkValidationForLastNameInput" time="1.445" classname="tests.registration.RegistrationTests"/>
  <testcase name="checkValidationForFirstNameInput" time="2.599" classname="tests.registration.RegistrationTests"/>
  <testcase name="checkValidationForFirstNameInput" time="1.792" classname="tests.registration.RegistrationTests"/>
  <testcase name="checkValidationForFirstNameInput" time="1.457" classname="tests.registration.RegistrationTests"/>
  <testcase name="checkValidationForLastNameInput" time="1.811" classname="tests.registration.RegistrationTests"/>
  <testcase name="checkValidationForLastNameInput" time="3.768" classname="tests.registration.RegistrationTests"/>
  <testcase name="checkValidationForLastNameInput" time="1.939" classname="tests.registration.RegistrationTests"/>
  <testcase name="verifySuccessfulCustomerRegistration" time="2.802" classname="tests.registration.RegistrationTests"/>
</testsuite> <!-- tests.registration.RegistrationTests -->
