<?xml version="1.0" encoding="UTF-8"?>
<!-- Generated by org.testng.reporters.JUnitReportReporter -->
<testsuite skipped="0" hostname="HOME-PC" name="tests.registration.RegistrationTests" tests="4" failures="0" timestamp="10 июл 2022 11:35:17 GMT" time="13.421" errors="0">
  <testcase name="checkValidationForFirstNameInput" time="2.798" classname="tests.registration.RegistrationTests"/>
  <testcase name="checkValidationForFirstNameInput" time="1.843" classname="tests.registration.RegistrationTests"/>
  <testcase name="checkValidationForFirstNameInput" time="3.822" classname="tests.registration.RegistrationTests"/>
  <testcase name="verifySuccessfulCustomerRegistration" time="4.958" classname="tests.registration.RegistrationTests"/>
</testsuite> <!-- tests.registration.RegistrationTests -->
